<?xml version="1.0" encoding="UTF-8" ?>
<testsuite tests="7" failures="0" name="com.zhiyou100.dao.TeaDaoTest" time="1.684" errors="0" skipped="0">
  <properties>
    <property name="java.runtime.name" value="Java(TM) SE Runtime Environment"/>
    <property name="sun.boot.library.path" value="D:\Program Files (x86)\Java\jdk1.8.0_121\jre\bin"/>
    <property name="java.vm.version" value="25.121-b13"/>
    <property name="java.vm.vendor" value="Oracle Corporation"/>
    <property name="maven.multiModuleProjectDirectory" value="D:\ZYBigData_17_2\ZYOnlineTea"/>
    <property name="java.vendor.url" value="http://java.oracle.com/"/>
    <property name="path.separator" value=";"/>
    <property name="guice.disable.misplaced.annotation.check" value="true"/>
    <property name="java.vm.name" value="Java HotSpot(TM) Client VM"/>
    <property name="file.encoding.pkg" value="sun.io"/>
    <property name="user.script" value=""/>
    <property name="user.country" value="CN"/>
    <property name="sun.java.launcher" value="SUN_STANDARD"/>
    <property name="sun.os.patch.level" value=""/>
    <property name="java.vm.specification.name" value="Java Virtual Machine Specification"/>
    <property name="user.dir" value="D:\ZYBigData_17_2\ZYOnlineTea"/>
    <property name="java.runtime.version" value="1.8.0_121-b13"/>
    <property name="java.awt.graphicsenv" value="sun.awt.Win32GraphicsEnvironment"/>
    <property name="java.endorsed.dirs" value="D:\Program Files (x86)\Java\jdk1.8.0_121\jre\lib\endorsed"/>
    <property name="os.arch" value="x86"/>
    <property name="java.io.tmpdir" value="C:\Users\ASUS\AppData\Local\Temp\"/>
    <property name="line.separator" value="
"/>
    <property name="java.vm.specification.vendor" value="Oracle Corporation"/>
    <property name="user.variant" value=""/>
    <property name="os.name" value="Windows 10"/>
    <property name="classworlds.conf" value="D:\ZYBigData_17_2\.metadata\.plugins\org.eclipse.m2e.launching\launches\m2conf4179145810249764484.tmp"/>
    <property name="sun.jnu.encoding" value="GBK"/>
    <property name="java.library.path" value="D:\Program Files (x86)\Java\jdk1.8.0_121\bin;C:\Windows\Sun\Java\bin;C:\Windows\system32;C:\Windows;D:/Program Files (x86)/Java/jre/bin/client;D:/Program Files (x86)/Java/jre/bin;D:/Program Files (x86)/Java/jre/lib/i386;C:\ProgramData\Oracle\Java\javapath;C:\Windows\system32;C:\Windows;C:\Windows\System32\Wbem;C:\Windows\System32\WindowsPowerShell\v1.0\;C:\Program Files (x86)\NVIDIA Corporation\PhysX\Common;D:\Program Files (x86)\Java\jdk1.8.0_121\bin;D:\JavaSoftware\java\mysql-5.7.19-winx64\mysql-5.7.19-winx64\bin;%MAVEN_HOME%\bin;D:\JavaSoftware\java\eclipse;;."/>
    <property name="java.specification.name" value="Java Platform API Specification"/>
    <property name="java.class.version" value="52.0"/>
    <property name="sun.management.compiler" value="HotSpot Client Compiler"/>
    <property name="os.version" value="10.0"/>
    <property name="library.jansi.path" value="D:\JavaSoftware\java\apache-maven-3.5.0-bin\apache-maven-3.5.0\lib\jansi-native\windows32"/>
    <property name="user.home" value="C:\Users\ASUS"/>
    <property name="user.timezone" value="Asia/Shanghai"/>
    <property name="java.awt.printerjob" value="sun.awt.windows.WPrinterJob"/>
    <property name="java.specification.version" value="1.8"/>
    <property name="file.encoding" value="UTF-8"/>
    <property name="user.name" value="ASUS"/>
    <property name="java.class.path" value="D:\JavaSoftware\java\apache-maven-3.5.0-bin\apache-maven-3.5.0\boot\plexus-classworlds-2.5.2.jar"/>
    <property name="java.vm.specification.version" value="1.8"/>
    <property name="sun.arch.data.model" value="32"/>
    <property name="java.home" value="D:\Program Files (x86)\Java\jdk1.8.0_121\jre"/>
    <property name="sun.java.command" value="org.codehaus.plexus.classworlds.launcher.Launcher -B -gs D:\JavaSoftware\java\apache-maven-3.5.0-bin\apache-maven-3.5.0\conf\settings.xml -s D:\JavaSoftware\java\apache-maven-3.5.0-bin\apache-maven-3.5.0\conf\settings.xml install"/>
    <property name="java.specification.vendor" value="Oracle Corporation"/>
    <property name="user.language" value="zh"/>
    <property name="awt.toolkit" value="sun.awt.windows.WToolkit"/>
    <property name="java.vm.info" value="mixed mode"/>
    <property name="java.version" value="1.8.0_121"/>
    <property name="java.ext.dirs" value="D:\Program Files (x86)\Java\jdk1.8.0_121\jre\lib\ext;C:\Windows\Sun\Java\lib\ext"/>
    <property name="sun.boot.class.path" value="D:\Program Files (x86)\Java\jdk1.8.0_121\jre\lib\resources.jar;D:\Program Files (x86)\Java\jdk1.8.0_121\jre\lib\rt.jar;D:\Program Files (x86)\Java\jdk1.8.0_121\jre\lib\sunrsasign.jar;D:\Program Files (x86)\Java\jdk1.8.0_121\jre\lib\jsse.jar;D:\Program Files (x86)\Java\jdk1.8.0_121\jre\lib\jce.jar;D:\Program Files (x86)\Java\jdk1.8.0_121\jre\lib\charsets.jar;D:\Program Files (x86)\Java\jdk1.8.0_121\jre\lib\jfr.jar;D:\Program Files (x86)\Java\jdk1.8.0_121\jre\classes"/>
    <property name="java.vendor" value="Oracle Corporation"/>
    <property name="maven.home" value="D:\JavaSoftware\java\apache-maven-3.5.0-bin\apache-maven-3.5.0"/>
    <property name="file.separator" value="\"/>
    <property name="java.vendor.url.bug" value="http://bugreport.sun.com/bugreport/"/>
    <property name="sun.cpu.endian" value="little"/>
    <property name="sun.io.unicode.encoding" value="UnicodeLittle"/>
    <property name="sun.desktop" value="windows"/>
    <property name="sun.cpu.isalist" value="pentium_pro+mmx pentium_pro pentium+mmx pentium i486 i386 i86"/>
  </properties>
  <testcase classname="com.zhiyou100.dao.TeaDaoTest" name="testListTeaByCreateTime" time="1.481"/>
  <testcase classname="com.zhiyou100.dao.TeaDaoTest" name="testListTeaByRankDesc" time="0.031"/>
  <testcase classname="com.zhiyou100.dao.TeaDaoTest" name="testListTeaByCreateTimeDesc" time="0.047"/>
  <testcase classname="com.zhiyou100.dao.TeaDaoTest" name="testListTeaByRank" time="0.031"/>
  <testcase classname="com.zhiyou100.dao.TeaDaoTest" name="testListTea" time="0.031"/>
  <testcase classname="com.zhiyou100.dao.TeaDaoTest" name="testCountByRank" time="0.031"/>
  <testcase classname="com.zhiyou100.dao.TeaDaoTest" name="testAddTea" time="0.032"/>
</testsuite>